<?xml version="1.0" encoding="UTF-8"?>
<!-- Generated by org.testng.reporters.JUnitReportReporter -->
<<<<<<< HEAD
<testsuite hostname="DESKTOP-C4UL4RO" failures="0" tests="1" name="fjportal.CreateNewEntity" time="38.546" errors="0" timestamp="2024-03-12T16:32:26 IST" skipped="0">
  <testcase classname="fjportal.CreateNewEntity" name="createEntity" time="38.546"/>
  <system-out/>
=======
<testsuite hostname="DESKTOP-O2G1R7C" failures="0" tests="1" name="fjportal.CreateNewEntity" time="40.792" errors="0" timestamp="2024-03-11T15:16:08 IST" skipped="0">
  <testcase classname="fjportal.CreateNewEntity" name="createEntity" time="40.792"/>
  <system-out>
    <![CDATA[New Entity created Successful]]>
  </system-out>
>>>>>>> 61977e96aac830fd047bca7ac735cd8dfe3fe087
</testsuite> <!-- fjportal.CreateNewEntity -->
