<?xml version="1.0" encoding="UTF-8"?>
<!-- Generated by org.testng.reporters.JUnitReportReporter -->
<testsuite hostname="DESKTOP-O2G1R7C" failures="0" tests="1" name="fjportal.AdminPortal.AdminPortalLogin" time="15.713" errors="0" timestamp="2024-03-16T13:33:01 IST" skipped="0">
  <testcase classname="fjportal.AdminPortal.AdminPortalLogin" name="AdminPortalLogin" time="15.713"/>
  <system-out>
    <![CDATA[Admin Portsl Login Successful]]>
  </system-out>
</testsuite> <!-- fjportal.AdminPortal.AdminPortalLogin -->
