<?xml version="1.0" encoding="UTF-8"?>
<!-- Generated by org.testng.reporters.JUnitReportReporter -->
<testsuite hostname="DESKTOP-O2G1R7C" failures="0" tests="1" name="fjportal.AdminPortalLogin" time="14.763" errors="0" timestamp="2024-03-16T13:19:46 IST" skipped="0">
  <testcase classname="fjportal.AdminPortalLogin" name="AdminPortalLogin" time="14.763"/>
  <system-out>
    <![CDATA[Login Successful]]>
  </system-out>
</testsuite> <!-- fjportal.AdminPortalLogin -->
