<?xml version="1.0" encoding="UTF-8"?>
<!-- Generated by org.testng.reporters.JUnitReportReporter -->
<testsuite hostname="DESKTOP-O2G1R7C" failures="0" tests="1" name="fjportal.RegisteredAgent" time="28.332" errors="0" timestamp="2024-03-12T21:58:03 IST" skipped="0">
  <testcase classname="fjportal.RegisteredAgent" name="RegisteredAgent" time="28.332"/>
  <system-out>
    <![CDATA[RA Order Submitted Successful]]>
  </system-out>
</testsuite> <!-- fjportal.RegisteredAgent -->
