<?xml version="1.0" encoding="UTF-8"?>
<!-- Generated by org.testng.reporters.JUnitReportReporter -->
<testsuite hostname="DESKTOP-O2G1R7C" failures="0" tests="2" name="fjportal.AdminPortal.PartnerView" time="27.779" errors="0" timestamp="2024-03-16T13:45:32 IST" skipped="0">
  <testcase classname="fjportal.AdminPortal.PartnerView" name="AdminPortalLogin" time="15.871"/>
  <system-out>
    <![CDATA[Admin Portsl Login Successful]]>
  </system-out>
  <testcase classname="fjportal.AdminPortal.PartnerView" name="PartnerView" time="11.908"/>
  <system-out>
    <![CDATA[Partner View opened Successful]]>
  </system-out>
</testsuite> <!-- fjportal.AdminPortal.PartnerView -->
