<?xml version="1.0" encoding="UTF-8"?>
<!-- Generated by org.testng.reporters.JUnitReportReporter -->
<testsuite hostname="DESKTOP-O2G1R7C" failures="0" tests="1" name="fjportal.Check" time="0.013" errors="0" timestamp="2024-03-11T15:04:54 IST" skipped="0">
  <testcase classname="fjportal.Check" name="Check" time="0.013"/>
  <system-out/>
</testsuite> <!-- fjportal.Check -->
