<?xml version="1.0" encoding="UTF-8"?>
<!-- Generated by org.testng.reporters.JUnitReportReporter -->
<testsuite hostname="DESKTOP-O2G1R7C" failures="0" tests="2" name="fjportal.CreateNewExisitingEntity" time="61.977" errors="0" timestamp="2024-03-16T13:45:32 IST" skipped="0">
  <testcase classname="fjportal.CreateNewExisitingEntity" name="CreateNewExisitingEntity" time="26.364"/>
  <system-out>
    <![CDATA[New Existing Entity created Successful]]>
  </system-out>
  <testcase classname="fjportal.CreateNewExisitingEntity" name="CreateNewEntity" time="35.613"/>
  <system-out>
    <![CDATA[New Entity created Successful]]>
  </system-out>
</testsuite> <!-- fjportal.CreateNewExisitingEntity -->
